<?xml version="1.0" encoding="UTF-8"?>
<testng-results ignored="0" total="3" passed="3" failed="0" skipped="0">
  <reporter-output>
  </reporter-output>
  <suite started-at="2024-07-02T19:55:03 IST" name="Default suite" finished-at="2024-07-02T19:55:06 IST" duration-ms="2605">
    <groups>
      <group name="cucumber">
        <method signature="AbstractTestNGCucumberTests.runScenario(io.cucumber.testng.PickleWrapper,io.cucumber.testng.FeatureWrapper)[pri:0, instance:runner.TagsDemoRunner@2cb4893b]" name="runScenario" class="io.cucumber.testng.AbstractTestNGCucumberTests"/>
      </group> <!-- cucumber -->
    </groups>
    <test started-at="2024-07-02T19:55:03 IST" name="Default test" finished-at="2024-07-02T19:55:06 IST" duration-ms="2605">
      <class name="runner.TagsDemoRunner">
        <test-method is-config="true" signature="setUpClass(org.testng.ITestContext)[pri:0, instance:runner.TagsDemoRunner@2cb4893b]" started-at="2024-07-02T19:55:03 IST" name="setUpClass" finished-at="2024-07-02T19:55:05 IST" duration-ms="1356" status="PASS">
          <params>
            <param index="0">
              <value>
                <![CDATA[org.testng.TestRunner@7baf1f5a]]>
              </value>
            </param>
          </params>
          <reporter-output>
          </reporter-output>
        </test-method> <!-- setUpClass -->
        <test-method signature="runScenario(io.cucumber.testng.PickleWrapper,io.cucumber.testng.FeatureWrapper)[pri:0, instance:runner.TagsDemoRunner@2cb4893b]" started-at="2024-07-02T19:55:05 IST" name="runScenario" description="Runs Cucumber Scenarios" data-provider="scenarios" finished-at="2024-07-02T19:55:05 IST" duration-ms="372" status="PASS">
          <params>
            <param index="0">
              <value>
                <![CDATA["Scenario_2"]]>
              </value>
            </param>
            <param index="1">
              <value>
                <![CDATA["TagsDemo"]]>
              </value>
            </param>
          </params>
          <reporter-output>
          </reporter-output>
        </test-method> <!-- runScenario -->
        <test-method signature="runScenario(io.cucumber.testng.PickleWrapper,io.cucumber.testng.FeatureWrapper)[pri:0, instance:runner.TagsDemoRunner@2cb4893b]" started-at="2024-07-02T19:55:05 IST" name="runScenario" description="Runs Cucumber Scenarios" data-provider="scenarios" finished-at="2024-07-02T19:55:05 IST" duration-ms="23" status="PASS">
          <params>
            <param index="0">
              <value>
                <![CDATA["Scenario_4"]]>
              </value>
            </param>
            <param index="1">
              <value>
                <![CDATA["TagsDemo"]]>
              </value>
            </param>
          </params>
          <reporter-output>
          </reporter-output>
        </test-method> <!-- runScenario -->
        <test-method signature="runScenario(io.cucumber.testng.PickleWrapper,io.cucumber.testng.FeatureWrapper)[pri:0, instance:runner.TagsDemoRunner@2cb4893b]" started-at="2024-07-02T19:55:05 IST" name="runScenario" description="Runs Cucumber Scenarios" data-provider="scenarios" finished-at="2024-07-02T19:55:05 IST" duration-ms="22" status="PASS">
          <params>
            <param index="0">
              <value>
                <![CDATA["Scenario_5"]]>
              </value>
            </param>
            <param index="1">
              <value>
                <![CDATA["TagsDemo"]]>
              </value>
            </param>
          </params>
          <reporter-output>
          </reporter-output>
        </test-method> <!-- runScenario -->
        <test-method is-config="true" signature="tearDownClass()[pri:0, instance:runner.TagsDemoRunner@2cb4893b]" started-at="2024-07-02T19:55:05 IST" name="tearDownClass" finished-at="2024-07-02T19:55:06 IST" duration-ms="740" status="PASS">
          <reporter-output>
          </reporter-output>
        </test-method> <!-- tearDownClass -->
      </class> <!-- runner.TagsDemoRunner -->
    </test> <!-- Default test -->
  </suite> <!-- Default suite -->
</testng-results>
